Unity Editor version:    2020.3.20f1 (41c4e627c95f)
Branch:                  2020.3/staging
Build type:              Release
Batch mode:              YES
macOS version:           Version 10.15.7 (Build 19H1715)
Darwin version:          19.6.0
Architecture:            x86_64
Running under Rosetta:   NO
Available memory:        16384 MB
Using pre-set license
Pro License: NO

COMMAND LINE ARGUMENTS:
/Applications/Unity/Hub/Editor/2020.3.20f1/Unity.app/Contents/MacOS/Unity
-adb2
-batchMode
-noUpm
-name
AssetImportWorker0
-projectPath
/Users/margarita/Documents/Repos/ColorBox/Stella
-logFile
Logs/AssetImportWorker0.log
-srvPort
61016
Successfully changed project path to: /Users/margarita/Documents/Repos/ColorBox/Stella
/Users/margarita/Documents/Repos/ColorBox/Stella
Using Asset Import Pipeline V2.
Refreshing native plugins compatible for Editor in 65.01 ms, found 3 plugins.
Preloading 0 native plugins for Editor in 0.00 ms.
Initialize engine version: 2020.3.20f1 (41c4e627c95f)
[Subsystems] Discovering subsystems at path /Applications/Unity/Hub/Editor/2020.3.20f1/Unity.app/Contents/Resources/UnitySubsystems
[Subsystems] Discovering subsystems at path /Users/margarita/Documents/Repos/ColorBox/Stella/Assets
GfxDevice: creating device client; threaded=0
2022-03-18 13:15:08.865 Unity[58604:3474747] Color LCD preferred device: AMD Radeon Pro 455 (high power)
2022-03-18 13:15:08.865 Unity[58604:3474747] Metal devices available: 2
2022-03-18 13:15:08.865 Unity[58604:3474747] 0: AMD Radeon Pro 455 (high power)
2022-03-18 13:15:08.865 Unity[58604:3474747] 1: Intel(R) HD Graphics 530 (low power)
2022-03-18 13:15:08.866 Unity[58604:3474747] Using device AMD Radeon Pro 455 (high power)
Initializing Metal device caps: AMD Radeon Pro 455
Initialize mono
Mono path[0] = '/Applications/Unity/Hub/Editor/2020.3.20f1/Unity.app/Contents/Managed'
Mono path[1] = '/Applications/Unity/Hub/Editor/2020.3.20f1/Unity.app/Contents/MonoBleedingEdge/lib/mono/unityjit'
Mono config path = '/Applications/Unity/Hub/Editor/2020.3.20f1/Unity.app/Contents/MonoBleedingEdge/etc'
Using monoOptions --debugger-agent=transport=dt_socket,embedding=1,server=y,suspend=n,address=127.0.0.1:56604
Begin MonoManager ReloadAssembly
Registering precompiled unity dll's ...
Register platform support module: /Applications/Unity/Hub/Editor/2020.3.20f1/Unity.app/Contents/PlaybackEngines/MacStandaloneSupport/UnityEditor.OSXStandalone.Extensions.dll
Registered in 0.000580 seconds.
Native extension for OSXStandalone target not found
Refreshing native plugins compatible for Editor in 66.44 ms, found 3 plugins.
Preloading 0 native plugins for Editor in 0.00 ms.
Mono: successfully reloaded assembly
- Completed reload, in  1.662 seconds
Domain Reload Profiling:
	ReloadAssembly (1662ms)
		BeginReloadAssembly (63ms)
			ExecutionOrderSort (0ms)
			DisableScriptedObjects (0ms)
			BackupInstance (0ms)
			ReleaseScriptingObjects (0ms)
			CreateAndSetChildDomain (1ms)
		EndReloadAssembly (602ms)
			LoadAssemblies (62ms)
			RebuildTransferFunctionScriptingTraits (0ms)
			SetupTypeCache (241ms)
			ReleaseScriptCaches (0ms)
			RebuildScriptCaches (46ms)
			SetupLoadedEditorAssemblies (238ms)
				LogAssemblyErrors (0ms)
				InitializePlatformSupportModulesInManaged (5ms)
				SetLoadedEditorAssemblies (0ms)
				RefreshPlugins (66ms)
				BeforeProcessingInitializeOnLoad (12ms)
				ProcessInitializeOnLoadAttributes (116ms)
				ProcessInitializeOnLoadMethodAttributes (39ms)
				AfterProcessingInitializeOnLoad (0ms)
				EditorAssembliesLoaded (0ms)
			ExecutionOrderSort2 (0ms)
			AwakeInstancesAfterBackupRestoration (0ms)
Platform modules already initialized, skipping
Registering precompiled user dll's ...
Registered in 0.005719 seconds.
Begin MonoManager ReloadAssembly
Native extension for OSXStandalone target not found
Refreshing native plugins compatible for Editor in 62.04 ms, found 3 plugins.
Preloading 0 native plugins for Editor in 0.00 ms.
WARNING: RGBA Compressed PVRTC 4BPP UNorm format is not supported, decompressing texture
Mono: successfully reloaded assembly
- Completed reload, in  1.585 seconds
Domain Reload Profiling:
	ReloadAssembly (1586ms)
		BeginReloadAssembly (199ms)
			ExecutionOrderSort (0ms)
			DisableScriptedObjects (6ms)
			BackupInstance (0ms)
			ReleaseScriptingObjects (0ms)
			CreateAndSetChildDomain (39ms)
		EndReloadAssembly (1300ms)
			LoadAssemblies (100ms)
			RebuildTransferFunctionScriptingTraits (0ms)
			SetupTypeCache (500ms)
			ReleaseScriptCaches (1ms)
			RebuildScriptCaches (86ms)
			SetupLoadedEditorAssemblies (458ms)
				LogAssemblyErrors (0ms)
				InitializePlatformSupportModulesInManaged (4ms)
				SetLoadedEditorAssemblies (0ms)
				RefreshPlugins (62ms)
				BeforeProcessingInitializeOnLoad (84ms)
				ProcessInitializeOnLoadAttributes (290ms)
				ProcessInitializeOnLoadMethodAttributes (16ms)
				AfterProcessingInitializeOnLoad (1ms)
				EditorAssembliesLoaded (0ms)
			ExecutionOrderSort2 (0ms)
			AwakeInstancesAfterBackupRestoration (8ms)
Platform modules already initialized, skipping
Validating Project structure ... 0.011020 seconds.
Shader import version has changed; will reimport all shaders...
Upgrading shader files ...0.045468 seconds.
Application.AssetDatabase Initial Script Refresh Start
RefreshInfo: InitialScriptRefreshV2(NoUpdateAssetOptions) scanfilter:  ... 1 filters
RefreshProfiler: Total: 0.000ms
Application.AssetDatabase Initial Script Refresh End
Application.AssetDatabase.Refresh Start
Application.AssetDatabase.Refresh End
RefreshInfo: StopAssetImportingV2(ForceSynchronousImport) scanfilter: 
RefreshProfiler: Total: 0.000ms
WARNING: RGBA Compressed PVRTC 4BPP UNorm format is not supported, decompressing texture
Launching external process: /Applications/Unity/Hub/Editor/2020.3.20f1/Unity.app/Contents/Tools/UnityShaderCompiler
Launched and connected shader compiler UnityShaderCompiler after 0.01 seconds
Initializing Unity extensions:
========================================================================
Worker process is ready to serve import requests
Refreshing native plugins compatible for Editor in 0.99 ms, found 3 plugins.
Preloading 0 native plugins for Editor in 0.00 ms.
Unloading 2760 Unused Serialized files (Serialized files now loaded: 0)
System memory in use before: 237.9 MB.
System memory in use after: 237.7 MB.

Unloading 199 unused Assets to reduce memory usage. Loaded Objects now: 3251.
Total: 6.123892 ms (FindLiveObjects: 0.397272 ms CreateObjectMapping: 0.170183 ms MarkObjects: 5.237251 ms  DeleteObjects: 0.317654 ms)

AssetImportParameters requested are different than current active one (requested -> active):
  custom:video-decoder-ogg-theora: a1e56fd34408186e4bbccfd4996cb3dc -> 
  custom:container-muxer-webm: aa71ff27fc2769a1b78a27578f13a17b -> 
  custom:container-demuxer-webm: 4f35f7cbe854078d1ac9338744f61a02 -> 
  custom:container-demuxer-ogg: 62fdf1f143b41e24485cea50d1cbac27 -> 
  custom:video-encoder-webm-vp8: eb34c28f22e8b96e1ab97ce403110664 -> 
  custom:framework-osx-AVFoundation: b23960f63f64bdc6ff669e2cdcee2391 -> 
  custom:video-decoder-webm-vp8: 9c59270c3fd7afecdb556c50c9e8de78 -> 
  custom:audio-decoder-ogg-vorbis: bf7c407c2cedff20999df2af8eb42d56 -> 
  custom:audio-encoder-webm-vorbis: bf7c407c2cedff20999df2af8eb42d56 -> 
========================================================================
Received Import Request.
  path: Assets/Tiles/BlockRuleTile.asset
  artifactKey: Guid(2046af34f7b3f48ee93dfe07dbc958ce) Importer(815301076,1909f56bfc062723c751e8b465ee728b)
Start importing Assets/Tiles/BlockRuleTile.asset using Guid(2046af34f7b3f48ee93dfe07dbc958ce) Importer(815301076,1909f56bfc062723c751e8b465ee728b)  -> (artifact id: 'c08b8f8d8d1ca92ddd37b531b8526b6f') in 0.380705 seconds 
  Import took 0.386664 seconds .

========================================================================
Received Import Request.
  Time since last request: 1100.909107 seconds.
  path: Assets/Tiles/RuleTIle.asset
  artifactKey: Guid(2046af34f7b3f48ee93dfe07dbc958ce) Importer(815301076,1909f56bfc062723c751e8b465ee728b)
Start importing Assets/Tiles/RuleTIle.asset using Guid(2046af34f7b3f48ee93dfe07dbc958ce) Importer(815301076,1909f56bfc062723c751e8b465ee728b)  -> (artifact id: '5cf49f7b8cea98ccb47dae12b6323ded') in 0.009909 seconds 
  Import took 0.016125 seconds .

========================================================================
Received Import Request.
  Time since last request: 367.160155 seconds.
  path: Assets/Scriptables/Installers/CharacterInstaller.asset
  artifactKey: Guid(71d6dfd232f964ae9ae65231ed38bb27) Importer(815301076,1909f56bfc062723c751e8b465ee728b)
Start importing Assets/Scriptables/Installers/CharacterInstaller.asset using Guid(71d6dfd232f964ae9ae65231ed38bb27) Importer(815301076,1909f56bfc062723c751e8b465ee728b)  -> (artifact id: '507f00af2fb737c84bcdcfa7a2f5ad20') in 0.013370 seconds 
  Import took 0.019364 seconds .

========================================================================
Received Import Request.
  Time since last request: 40.858505 seconds.
  path: Assets/Tiles/TileBlock.asset
  artifactKey: Guid(0bafce975a1ae4756b48bdedfc00503b) Importer(815301076,1909f56bfc062723c751e8b465ee728b)
Start importing Assets/Tiles/TileBlock.asset using Guid(0bafce975a1ae4756b48bdedfc00503b) Importer(815301076,1909f56bfc062723c751e8b465ee728b)  -> (artifact id: 'a2100dc56d1e8f13121580981057b6d0') in 0.106104 seconds 
  Import took 0.112374 seconds .

========================================================================
Received Import Request.
  Time since last request: 6.755066 seconds.
  path: Assets/Tiles/RuleTile.asset
  artifactKey: Guid(2046af34f7b3f48ee93dfe07dbc958ce) Importer(815301076,1909f56bfc062723c751e8b465ee728b)
Start importing Assets/Tiles/RuleTile.asset using Guid(2046af34f7b3f48ee93dfe07dbc958ce) Importer(815301076,1909f56bfc062723c751e8b465ee728b)  -> (artifact id: 'cae46c2999c6ba64d04a72c48ef9c73f') in 0.014639 seconds 
  Import took 0.020979 seconds .

========================================================================
Received Import Request.
  Time since last request: 6.431568 seconds.
  path: Assets/Tiles/TileBlock.prefab
  artifactKey: Guid(fd338ab7726614170af3b4ae62182082) Importer(815301076,1909f56bfc062723c751e8b465ee728b)
Start importing Assets/Tiles/TileBlock.prefab using Guid(fd338ab7726614170af3b4ae62182082) Importer(815301076,1909f56bfc062723c751e8b465ee728b)  -> (artifact id: '1e63f9dffe30308e537a5beb30bb83f8') in 0.274431 seconds 
  Import took 0.280599 seconds .

========================================================================
Received Import Request.
  Time since last request: 136.335317 seconds.
  path: Assets/Tiles/TilePallete.prefab
  artifactKey: Guid(fd338ab7726614170af3b4ae62182082) Importer(815301076,1909f56bfc062723c751e8b465ee728b)
Start importing Assets/Tiles/TilePallete.prefab using Guid(fd338ab7726614170af3b4ae62182082) Importer(815301076,1909f56bfc062723c751e8b465ee728b)  -> (artifact id: 'd2eaccef707881d7331b297467831296') in 0.038160 seconds 
  Import took 0.043706 seconds .

========================================================================
Received Import Request.
  Time since last request: 57.251867 seconds.
  path: Assets/Tiles/TilePallete.prefab
  artifactKey: Guid(fd338ab7726614170af3b4ae62182082) Importer(815301076,1909f56bfc062723c751e8b465ee728b)
Start importing Assets/Tiles/TilePallete.prefab using Guid(fd338ab7726614170af3b4ae62182082) Importer(815301076,1909f56bfc062723c751e8b465ee728b)  -> (artifact id: '60fd3a1a85a0c35d63ed49650da6d32d') in 0.014458 seconds 
  Import took 0.021348 seconds .

========================================================================
Received Import Request.
  Time since last request: 6.232707 seconds.
  path: Assets/Tiles/BlockTile.asset
  artifactKey: Guid(0bafce975a1ae4756b48bdedfc00503b) Importer(815301076,1909f56bfc062723c751e8b465ee728b)
Start importing Assets/Tiles/BlockTile.asset using Guid(0bafce975a1ae4756b48bdedfc00503b) Importer(815301076,1909f56bfc062723c751e8b465ee728b)  -> (artifact id: '14ccd9d4c825b4ecd3ef847afd94536d') in 0.014155 seconds 
  Import took 0.019842 seconds .

========================================================================
Received Import Request.
  Time since last request: 14.663170 seconds.
  path: Assets/Temp/1Artboard 1.png
  artifactKey: Guid(60f79c1fe5c164345aa380bddef1a919) Importer(815301076,1909f56bfc062723c751e8b465ee728b)
Start importing Assets/Temp/1Artboard 1.png using Guid(60f79c1fe5c164345aa380bddef1a919) Importer(815301076,1909f56bfc062723c751e8b465ee728b)  -> (artifact id: 'd2f51a30b7bb64672e897cb577fb2f93') in 0.573626 seconds 
  Import took 0.578874 seconds .

========================================================================
Received Import Request.
  Time since last request: 0.005273 seconds.
  path: Assets/Graphics/Stella/body.png
  artifactKey: Guid(249558e57479842db8417c884c002712) Importer(815301076,1909f56bfc062723c751e8b465ee728b)
Start importing Assets/Graphics/Stella/body.png using Guid(249558e57479842db8417c884c002712) Importer(815301076,1909f56bfc062723c751e8b465ee728b)  -> (artifact id: '6dacfd3d11b5ff92a909be63e4011da6') in 0.014537 seconds 
  Import took 0.020772 seconds .

========================================================================
Received Import Request.
  Time since last request: 0.000289 seconds.
  path: Assets/Graphics/lemon.png
  artifactKey: Guid(ddf7a57ccc64148b9ababe5f6d5cbf61) Importer(815301076,1909f56bfc062723c751e8b465ee728b)
Start importing Assets/Graphics/lemon.png using Guid(ddf7a57ccc64148b9ababe5f6d5cbf61) Importer(815301076,1909f56bfc062723c751e8b465ee728b)  -> (artifact id: 'ff5166141e43a5ceae62ccadbf76de86') in 0.021743 seconds 
  Import took 0.027796 seconds .

========================================================================
Received Import Request.
  Time since last request: 0.000291 seconds.
  path: Assets/Graphics/dragon.png
  artifactKey: Guid(bd0bccabc060d4b2f9ada8987854bd5e) Importer(815301076,1909f56bfc062723c751e8b465ee728b)
Start importing Assets/Graphics/dragon.png using Guid(bd0bccabc060d4b2f9ada8987854bd5e) Importer(815301076,1909f56bfc062723c751e8b465ee728b)  -> (artifact id: 'a393682d9ec7c20af856feee4ab49c4a') in 0.021259 seconds 
  Import took 0.026864 seconds .

========================================================================
Received Import Request.
  Time since last request: 0.000280 seconds.
  path: Assets/Graphics/coco.png
  artifactKey: Guid(3ed6d41cd75c34d859990d356fe6daf0) Importer(815301076,1909f56bfc062723c751e8b465ee728b)
Start importing Assets/Graphics/coco.png using Guid(3ed6d41cd75c34d859990d356fe6daf0) Importer(815301076,1909f56bfc062723c751e8b465ee728b)  -> (artifact id: 'b9a816e236573d54112af6fe72b166c7') in 0.018949 seconds 
  Import took 0.024918 seconds .

========================================================================
Received Import Request.
  Time since last request: 0.000274 seconds.
  path: Assets/Graphics/pineapple.png
  artifactKey: Guid(222a495573d6547d6bf77831429b141d) Importer(815301076,1909f56bfc062723c751e8b465ee728b)
Start importing Assets/Graphics/pineapple.png using Guid(222a495573d6547d6bf77831429b141d) Importer(815301076,1909f56bfc062723c751e8b465ee728b)  -> (artifact id: '13f314aa4d9aa07adc36f2b76356a715') in 0.024074 seconds 
  Import took 0.030062 seconds .

========================================================================
Received Import Request.
  Time since last request: 0.000318 seconds.
  path: Assets/Graphics/strawberry.png
  artifactKey: Guid(532ba315e608f4ca9acdf5c45e565ae4) Importer(815301076,1909f56bfc062723c751e8b465ee728b)
Start importing Assets/Graphics/strawberry.png using Guid(532ba315e608f4ca9acdf5c45e565ae4) Importer(815301076,1909f56bfc062723c751e8b465ee728b)  -> (artifact id: '791284da0d4cc3b2c43dc9e4f21084c2') in 0.025613 seconds 
  Import took 0.032174 seconds .

========================================================================
Received Import Request.
  Time since last request: 0.000277 seconds.
  path: Assets/Graphics/block.jpg
  artifactKey: Guid(3362f72269926443aade3754c54f9026) Importer(815301076,1909f56bfc062723c751e8b465ee728b)
Start importing Assets/Graphics/block.jpg using Guid(3362f72269926443aade3754c54f9026) Importer(815301076,1909f56bfc062723c751e8b465ee728b)  -> (artifact id: 'bb41d989fbe0e1c3965dcef0d9d3a24e') in 0.502775 seconds 
  Import took 0.508220 seconds .

========================================================================
Received Import Request.
  Time since last request: 0.005605 seconds.
  path: Assets/Graphics/grape.png
  artifactKey: Guid(b205d6c47937b4579ab4b5bc517dfd66) Importer(815301076,1909f56bfc062723c751e8b465ee728b)
Start importing Assets/Graphics/grape.png using Guid(b205d6c47937b4579ab4b5bc517dfd66) Importer(815301076,1909f56bfc062723c751e8b465ee728b)  -> (artifact id: 'a4a77022540cc1287b9b1d6ffa00ae4e') in 0.020559 seconds 
  Import took 0.026929 seconds .

========================================================================
Received Import Request.
  Time since last request: 0.000253 seconds.
  path: Assets/Graphics/watermellon.png
  artifactKey: Guid(92d7b8309b94245b69c8479e18ba4947) Importer(815301076,1909f56bfc062723c751e8b465ee728b)
Start importing Assets/Graphics/watermellon.png using Guid(92d7b8309b94245b69c8479e18ba4947) Importer(815301076,1909f56bfc062723c751e8b465ee728b)  -> (artifact id: '055d83287e11cb13d238a2d7d2784100') in 0.018213 seconds 
  Import took 0.024816 seconds .

========================================================================
Received Import Request.
  Time since last request: 0.000251 seconds.
  path: Assets/Graphics/black.png
  artifactKey: Guid(241f7a170026b4372bcd8dfd82ed42d1) Importer(815301076,1909f56bfc062723c751e8b465ee728b)
Start importing Assets/Graphics/black.png using Guid(241f7a170026b4372bcd8dfd82ed42d1) Importer(815301076,1909f56bfc062723c751e8b465ee728b)  -> (artifact id: 'de46c4311c749c30bfe3f8e80ff449ea') in 0.020029 seconds 
  Import took 0.025751 seconds .

========================================================================
Received Import Request.
  Time since last request: 0.000249 seconds.
  path: Assets/Graphics/Stella/triangle.png
  artifactKey: Guid(a74f473cefce14624ab554879e230b23) Importer(815301076,1909f56bfc062723c751e8b465ee728b)
Start importing Assets/Graphics/Stella/triangle.png using Guid(a74f473cefce14624ab554879e230b23) Importer(815301076,1909f56bfc062723c751e8b465ee728b)  -> (artifact id: '2d26d10ac5deaf5f857f89e67fc4de62') in 0.013801 seconds 
  Import took 0.018931 seconds .

========================================================================
Received Import Request.
  Time since last request: 0.000313 seconds.
  path: Assets/Graphics/kiwi.png
  artifactKey: Guid(dae04504d7f5c4e1088ebac703beb628) Importer(815301076,1909f56bfc062723c751e8b465ee728b)
Start importing Assets/Graphics/kiwi.png using Guid(dae04504d7f5c4e1088ebac703beb628) Importer(815301076,1909f56bfc062723c751e8b465ee728b)  -> (artifact id: 'e2fe0e67703befc2836c9a459c39ebe5') in 0.019392 seconds 
  Import took 0.026474 seconds .

========================================================================
Received Import Request.
  Time since last request: 4.368914 seconds.
  path: Assets/Tiles/RuleTile.asset
  artifactKey: Guid(2046af34f7b3f48ee93dfe07dbc958ce) Importer(815301076,1909f56bfc062723c751e8b465ee728b)
Start importing Assets/Tiles/RuleTile.asset using Guid(2046af34f7b3f48ee93dfe07dbc958ce) Importer(815301076,1909f56bfc062723c751e8b465ee728b)  -> (artifact id: 'c30be5c6e0f46d3c3be3db639cbb7702') in 0.017378 seconds 
  Import took 0.022772 seconds .

========================================================================
Received Import Request.
  Time since last request: 38.169852 seconds.
  path: Assets/Graphics/Stella
  artifactKey: Guid(dc0dfae983ad74999be2b255aa91b745) Importer(815301076,1909f56bfc062723c751e8b465ee728b)
Start importing Assets/Graphics/Stella using Guid(dc0dfae983ad74999be2b255aa91b745) Importer(815301076,1909f56bfc062723c751e8b465ee728b)  -> (artifact id: 'decaaead0cae5b74ab55d653627447c5') in 0.006608 seconds 
  Import took 0.012034 seconds .

========================================================================
Received Import Request.
  Time since last request: 195.232869 seconds.
  path: Assets/Graphics/blocks/full.jpg
  artifactKey: Guid(2cf4720685c6a48beb1e73d97289e9e9) Importer(815301076,1909f56bfc062723c751e8b465ee728b)
Start importing Assets/Graphics/blocks/full.jpg using Guid(2cf4720685c6a48beb1e73d97289e9e9) Importer(815301076,1909f56bfc062723c751e8b465ee728b)  -> (artifact id: '990f67609b359a6dae080bf903116ba5') in 0.020432 seconds 
  Import took 0.025967 seconds .

========================================================================
Received Import Request.
  Time since last request: 17.451670 seconds.
  path: Assets/Tiles/RuleTile.asset
  artifactKey: Guid(2046af34f7b3f48ee93dfe07dbc958ce) Importer(815301076,1909f56bfc062723c751e8b465ee728b)
Start importing Assets/Tiles/RuleTile.asset using Guid(2046af34f7b3f48ee93dfe07dbc958ce) Importer(815301076,1909f56bfc062723c751e8b465ee728b)  -> (artifact id: 'fa4b23331931fba7d902fe14e0e27016') in 0.014220 seconds 
  Import took 0.020589 seconds .

========================================================================
Received Import Request.
  Time since last request: 45.371607 seconds.
  path: Assets/Tiles/BlockTile.asset
  artifactKey: Guid(0bafce975a1ae4756b48bdedfc00503b) Importer(815301076,1909f56bfc062723c751e8b465ee728b)
Start importing Assets/Tiles/BlockTile.asset using Guid(0bafce975a1ae4756b48bdedfc00503b) Importer(815301076,1909f56bfc062723c751e8b465ee728b)  -> (artifact id: '5d4ebd57602309cfba48f879016df2eb') in 0.009733 seconds 
  Import took 0.015970 seconds .

========================================================================
Received Prepare
Registering precompiled user dll's ...
Registered in 0.008736 seconds.
Begin MonoManager ReloadAssembly
Native extension for OSXStandalone target not found
Refreshing native plugins compatible for Editor in 0.65 ms, found 3 plugins.
Preloading 0 native plugins for Editor in 0.00 ms.
Mono: successfully reloaded assembly
- Completed reload, in  1.816 seconds
Domain Reload Profiling:
	ReloadAssembly (1817ms)
		BeginReloadAssembly (256ms)
			ExecutionOrderSort (0ms)
			DisableScriptedObjects (9ms)
			BackupInstance (0ms)
			ReleaseScriptingObjects (0ms)
			CreateAndSetChildDomain (161ms)
		EndReloadAssembly (1459ms)
			LoadAssemblies (190ms)
			RebuildTransferFunctionScriptingTraits (0ms)
			SetupTypeCache (542ms)
			ReleaseScriptCaches (2ms)
			RebuildScriptCaches (92ms)
			SetupLoadedEditorAssemblies (456ms)
				LogAssemblyErrors (0ms)
				InitializePlatformSupportModulesInManaged (5ms)
				SetLoadedEditorAssemblies (1ms)
				RefreshPlugins (1ms)
				BeforeProcessingInitializeOnLoad (165ms)
				ProcessInitializeOnLoadAttributes (274ms)
				ProcessInitializeOnLoadMethodAttributes (8ms)
				AfterProcessingInitializeOnLoad (2ms)
				EditorAssembliesLoaded (0ms)
			ExecutionOrderSort2 (0ms)
			AwakeInstancesAfterBackupRestoration (14ms)
Platform modules already initialized, skipping
Switching build target platform(2) subTarget(0) extendedPlatform(0) -> platform(9) subTarget(16777218) extendedPlatform(0)
Refreshing native plugins compatible for Editor in 0.67 ms, found 3 plugins.
Preloading 0 native plugins for Editor in 0.00 ms.
Unloading 2731 Unused Serialized files (Serialized files now loaded: 0)
System memory in use before: 249.7 MB.
System memory in use after: 250.0 MB.

Unloading 25 unused Assets to reduce memory usage. Loaded Objects now: 3272.
Total: 4.115917 ms (FindLiveObjects: 0.431467 ms CreateObjectMapping: 0.144212 ms MarkObjects: 3.486523 ms  DeleteObjects: 0.052707 ms)

AssetImportParameters requested are different than current active one (requested -> active):
  custom:video-decoder-ogg-theora: a1e56fd34408186e4bbccfd4996cb3dc -> 
  custom:container-muxer-webm: aa71ff27fc2769a1b78a27578f13a17b -> 
  custom:container-demuxer-webm: 4f35f7cbe854078d1ac9338744f61a02 -> 
  custom:container-demuxer-ogg: 62fdf1f143b41e24485cea50d1cbac27 -> 
  custom:video-encoder-webm-vp8: eb34c28f22e8b96e1ab97ce403110664 -> 
  custom:framework-osx-AVFoundation: b23960f63f64bdc6ff669e2cdcee2391 -> 
  custom:video-decoder-webm-vp8: 9c59270c3fd7afecdb556c50c9e8de78 -> 
  custom:graphics/normal-map-encoding: 01000000000000000000000000000000 -> 02000000000000000000000000000000
  custom:audio-decoder-ogg-vorbis: bf7c407c2cedff20999df2af8eb42d56 -> 
  custom:audio-encoder-webm-vorbis: bf7c407c2cedff20999df2af8eb42d56 -> 
========================================================================
Received Prepare
Registering precompiled user dll's ...
Registered in 0.014726 seconds.
Begin MonoManager ReloadAssembly
Native extension for OSXStandalone target not found
Refreshing native plugins compatible for Editor in 0.75 ms, found 3 plugins.
Preloading 0 native plugins for Editor in 0.00 ms.
Mono: successfully reloaded assembly
- Completed reload, in  1.810 seconds
Domain Reload Profiling:
	ReloadAssembly (1810ms)
		BeginReloadAssembly (177ms)
			ExecutionOrderSort (0ms)
			DisableScriptedObjects (9ms)
			BackupInstance (0ms)
			ReleaseScriptingObjects (0ms)
			CreateAndSetChildDomain (96ms)
		EndReloadAssembly (1545ms)
			LoadAssemblies (154ms)
			RebuildTransferFunctionScriptingTraits (0ms)
			SetupTypeCache (577ms)
			ReleaseScriptCaches (2ms)
			RebuildScriptCaches (107ms)
			SetupLoadedEditorAssemblies (504ms)
				LogAssemblyErrors (0ms)
				InitializePlatformSupportModulesInManaged (7ms)
				SetLoadedEditorAssemblies (1ms)
				RefreshPlugins (1ms)
				BeforeProcessingInitializeOnLoad (183ms)
				ProcessInitializeOnLoadAttributes (301ms)
				ProcessInitializeOnLoadMethodAttributes (9ms)
				AfterProcessingInitializeOnLoad (2ms)
				EditorAssembliesLoaded (0ms)
			ExecutionOrderSort2 (0ms)
			AwakeInstancesAfterBackupRestoration (16ms)
Platform modules already initialized, skipping
Switching build target platform(2) subTarget(0) extendedPlatform(0) -> platform(9) subTarget(16777218) extendedPlatform(0)
Refreshing native plugins compatible for Editor in 0.75 ms, found 3 plugins.
Preloading 0 native plugins for Editor in 0.00 ms.
Unloading 2731 Unused Serialized files (Serialized files now loaded: 0)
System memory in use before: 250.0 MB.
System memory in use after: 250.2 MB.

Unloading 24 unused Assets to reduce memory usage. Loaded Objects now: 3274.
Total: 3.697867 ms (FindLiveObjects: 0.310313 ms CreateObjectMapping: 0.129822 ms MarkObjects: 3.237290 ms  DeleteObjects: 0.019447 ms)

AssetImportParameters requested are different than current active one (requested -> active):
  custom:video-decoder-ogg-theora: a1e56fd34408186e4bbccfd4996cb3dc -> 
  custom:container-muxer-webm: aa71ff27fc2769a1b78a27578f13a17b -> 
  custom:container-demuxer-webm: 4f35f7cbe854078d1ac9338744f61a02 -> 
  custom:container-demuxer-ogg: 62fdf1f143b41e24485cea50d1cbac27 -> 
  custom:video-encoder-webm-vp8: eb34c28f22e8b96e1ab97ce403110664 -> 
  custom:framework-osx-AVFoundation: b23960f63f64bdc6ff669e2cdcee2391 -> 
  custom:video-decoder-webm-vp8: 9c59270c3fd7afecdb556c50c9e8de78 -> 
  custom:graphics/normal-map-encoding: 01000000000000000000000000000000 -> 02000000000000000000000000000000
  custom:audio-decoder-ogg-vorbis: bf7c407c2cedff20999df2af8eb42d56 -> 
  custom:audio-encoder-webm-vorbis: bf7c407c2cedff20999df2af8eb42d56 -> 
========================================================================
Received Prepare
Registering precompiled user dll's ...
Registered in 0.006267 seconds.
Begin MonoManager ReloadAssembly
Native extension for OSXStandalone target not found
Refreshing native plugins compatible for Editor in 0.64 ms, found 3 plugins.
Preloading 0 native plugins for Editor in 0.00 ms.
Mono: successfully reloaded assembly
- Completed reload, in  1.567 seconds
Domain Reload Profiling:
	ReloadAssembly (1568ms)
		BeginReloadAssembly (166ms)
			ExecutionOrderSort (0ms)
			DisableScriptedObjects (8ms)
			BackupInstance (0ms)
			ReleaseScriptingObjects (0ms)
			CreateAndSetChildDomain (90ms)
		EndReloadAssembly (1317ms)
			LoadAssemblies (100ms)
			RebuildTransferFunctionScriptingTraits (0ms)
			SetupTypeCache (501ms)
			ReleaseScriptCaches (2ms)
			RebuildScriptCaches (91ms)
			SetupLoadedEditorAssemblies (445ms)
				LogAssemblyErrors (0ms)
				InitializePlatformSupportModulesInManaged (6ms)
				SetLoadedEditorAssemblies (1ms)
				RefreshPlugins (1ms)
				BeforeProcessingInitializeOnLoad (157ms)
				ProcessInitializeOnLoadAttributes (271ms)
				ProcessInitializeOnLoadMethodAttributes (8ms)
				AfterProcessingInitializeOnLoad (2ms)
				EditorAssembliesLoaded (0ms)
			ExecutionOrderSort2 (0ms)
			AwakeInstancesAfterBackupRestoration (14ms)
Platform modules already initialized, skipping
Switching build target platform(2) subTarget(0) extendedPlatform(0) -> platform(9) subTarget(16777218) extendedPlatform(0)
Refreshing native plugins compatible for Editor in 0.73 ms, found 3 plugins.
Preloading 0 native plugins for Editor in 0.00 ms.
Unloading 2731 Unused Serialized files (Serialized files now loaded: 0)
System memory in use before: 250.2 MB.
System memory in use after: 250.4 MB.

Unloading 24 unused Assets to reduce memory usage. Loaded Objects now: 3276.
Total: 5.125712 ms (FindLiveObjects: 0.363496 ms CreateObjectMapping: 0.164580 ms MarkObjects: 4.565421 ms  DeleteObjects: 0.030516 ms)

AssetImportParameters requested are different than current active one (requested -> active):
  custom:video-decoder-ogg-theora: a1e56fd34408186e4bbccfd4996cb3dc -> 
  custom:container-muxer-webm: aa71ff27fc2769a1b78a27578f13a17b -> 
  custom:container-demuxer-webm: 4f35f7cbe854078d1ac9338744f61a02 -> 
  custom:container-demuxer-ogg: 62fdf1f143b41e24485cea50d1cbac27 -> 
  custom:video-encoder-webm-vp8: eb34c28f22e8b96e1ab97ce403110664 -> 
  custom:framework-osx-AVFoundation: b23960f63f64bdc6ff669e2cdcee2391 -> 
  custom:video-decoder-webm-vp8: 9c59270c3fd7afecdb556c50c9e8de78 -> 
  custom:graphics/normal-map-encoding: 01000000000000000000000000000000 -> 02000000000000000000000000000000
  custom:audio-decoder-ogg-vorbis: bf7c407c2cedff20999df2af8eb42d56 -> 
  custom:audio-encoder-webm-vorbis: bf7c407c2cedff20999df2af8eb42d56 -> 
========================================================================
Received Import Request.
  Time since last request: 520.773330 seconds.
  path: Assets/Graphics/blocks/full.jpg
  artifactKey: Guid(2cf4720685c6a48beb1e73d97289e9e9) Importer(815301076,1909f56bfc062723c751e8b465ee728b)
Start importing Assets/Graphics/blocks/full.jpg using Guid(2cf4720685c6a48beb1e73d97289e9e9) Importer(815301076,1909f56bfc062723c751e8b465ee728b)  -> (artifact id: '447ca0ad6e6722cc2e0b852424f500b6') in 0.090138 seconds 
  Import took 0.096559 seconds .

========================================================================
Received Import Request.
  Time since last request: 3.292957 seconds.
  path: Assets/Graphics/blocks/1down.jpg
  artifactKey: Guid(b9f6b97f27ca3425bba146aa422342ef) Importer(815301076,1909f56bfc062723c751e8b465ee728b)
Start importing Assets/Graphics/blocks/1down.jpg using Guid(b9f6b97f27ca3425bba146aa422342ef) Importer(815301076,1909f56bfc062723c751e8b465ee728b)  -> (artifact id: 'e3eb23c39f9905a315e400cc5211370e') in 0.012492 seconds 
  Import took 0.018762 seconds .

========================================================================
Received Import Request.
  Time since last request: 0.000314 seconds.
  path: Assets/Graphics/blocks/1right.jpg
  artifactKey: Guid(a97fa8c621e33440b96d9c0e459e4a6c) Importer(815301076,1909f56bfc062723c751e8b465ee728b)
Start importing Assets/Graphics/blocks/1right.jpg using Guid(a97fa8c621e33440b96d9c0e459e4a6c) Importer(815301076,1909f56bfc062723c751e8b465ee728b)  -> (artifact id: 'c577a89517eeda71a7f130cb798bd896') in 0.013253 seconds 
  Import took 0.020217 seconds .

========================================================================
Received Import Request.
  Time since last request: 0.000278 seconds.
  path: Assets/Graphics/blocks/empty.jpg
  artifactKey: Guid(48a648a38a0c1445fbec61fca58897c3) Importer(815301076,1909f56bfc062723c751e8b465ee728b)
Start importing Assets/Graphics/blocks/empty.jpg using Guid(48a648a38a0c1445fbec61fca58897c3) Importer(815301076,1909f56bfc062723c751e8b465ee728b)  -> (artifact id: '0d0ca91c1be239fcc18fce5fd30d904e') in 0.011661 seconds 
  Import took 0.017015 seconds .

========================================================================
Received Import Request.
  Time since last request: 0.000278 seconds.
  path: Assets/Graphics/blocks/1up.jpg
  artifactKey: Guid(4c9e51bf574844983a7bf592413abd26) Importer(815301076,1909f56bfc062723c751e8b465ee728b)
Start importing Assets/Graphics/blocks/1up.jpg using Guid(4c9e51bf574844983a7bf592413abd26) Importer(815301076,1909f56bfc062723c751e8b465ee728b)  -> (artifact id: '1fdfee25370f4fc8198a9d08d13669db') in 0.011518 seconds 
  Import took 0.016584 seconds .

========================================================================
Received Import Request.
  Time since last request: 0.000301 seconds.
  path: Assets/Graphics/blocks/2upperright.jpg
  artifactKey: Guid(0ae95b4ffd80c4bed84bb87e570e87fe) Importer(815301076,1909f56bfc062723c751e8b465ee728b)
Start importing Assets/Graphics/blocks/2upperright.jpg using Guid(0ae95b4ffd80c4bed84bb87e570e87fe) Importer(815301076,1909f56bfc062723c751e8b465ee728b)  -> (artifact id: '447baafd8355ad9e33e7f4551b3072ff') in 0.014453 seconds 
  Import took 0.020625 seconds .

========================================================================
Received Import Request.
  Time since last request: 0.000272 seconds.
  path: Assets/Graphics/blocks/1left.jpg
  artifactKey: Guid(6d496080b64894780b8401afa1ed4f59) Importer(815301076,1909f56bfc062723c751e8b465ee728b)
Start importing Assets/Graphics/blocks/1left.jpg using Guid(6d496080b64894780b8401afa1ed4f59) Importer(815301076,1909f56bfc062723c751e8b465ee728b)  -> (artifact id: '630ac3112303a30f7f96328fa5c86613') in 0.011513 seconds 
  Import took 0.017479 seconds .

========================================================================
Received Import Request.
  Time since last request: 0.000350 seconds.
  path: Assets/Graphics/blocks/3left.jpg
  artifactKey: Guid(b42a04f2ad3df42b38acc344c09745de) Importer(815301076,1909f56bfc062723c751e8b465ee728b)
Start importing Assets/Graphics/blocks/3left.jpg using Guid(b42a04f2ad3df42b38acc344c09745de) Importer(815301076,1909f56bfc062723c751e8b465ee728b)  -> (artifact id: '1fd493c45bb2132d2c0389a6f7ab4915') in 0.015800 seconds 
  Import took 0.021490 seconds .

========================================================================
Received Import Request.
  Time since last request: 0.000238 seconds.
  path: Assets/Graphics/blocks/3right.jpg
  artifactKey: Guid(ed1b9aca93e79474188c129946293e60) Importer(815301076,1909f56bfc062723c751e8b465ee728b)
Start importing Assets/Graphics/blocks/3right.jpg using Guid(ed1b9aca93e79474188c129946293e60) Importer(815301076,1909f56bfc062723c751e8b465ee728b)  -> (artifact id: 'a35101391aa9d3c3a84501cb2bbf5994') in 0.018644 seconds 
  Import took 0.023853 seconds .

========================================================================
Received Import Request.
  Time since last request: 0.000272 seconds.
  path: Assets/Graphics/blocks/2lowerright.jpg
  artifactKey: Guid(a403d2815e6174462a87692cf9f037c9) Importer(815301076,1909f56bfc062723c751e8b465ee728b)
Start importing Assets/Graphics/blocks/2lowerright.jpg using Guid(a403d2815e6174462a87692cf9f037c9) Importer(815301076,1909f56bfc062723c751e8b465ee728b)  -> (artifact id: '35f1e5ef600339a9edbefd5688687a26') in 0.014668 seconds 
  Import took 0.020747 seconds .

========================================================================
Received Import Request.
  Time since last request: 0.000268 seconds.
  path: Assets/Graphics/blocks/2horizontal.jpg
  artifactKey: Guid(5999474aa4fa84a4dbbd50b42513d62a) Importer(815301076,1909f56bfc062723c751e8b465ee728b)
Start importing Assets/Graphics/blocks/2horizontal.jpg using Guid(5999474aa4fa84a4dbbd50b42513d62a) Importer(815301076,1909f56bfc062723c751e8b465ee728b)  -> (artifact id: 'a2e9aafca51081cbea60a016ed64810f') in 0.014210 seconds 
  Import took 0.020820 seconds .

========================================================================
Received Import Request.
  Time since last request: 0.000228 seconds.
  path: Assets/Graphics/blocks/2upperleft.jpg
  artifactKey: Guid(6fe9d9fc20fd448ba899a8bde44956fb) Importer(815301076,1909f56bfc062723c751e8b465ee728b)
Start importing Assets/Graphics/blocks/2upperleft.jpg using Guid(6fe9d9fc20fd448ba899a8bde44956fb) Importer(815301076,1909f56bfc062723c751e8b465ee728b)  -> (artifact id: 'fa0a4f7a4df55d6c2b97779f510de7ca') in 0.011726 seconds 
  Import took 0.017174 seconds .

========================================================================
Received Import Request.
  Time since last request: 0.000263 seconds.
  path: Assets/Graphics/blocks/2lowerleft.jpg
  artifactKey: Guid(e0cc48998e77446ac887112510ef8604) Importer(815301076,1909f56bfc062723c751e8b465ee728b)
Start importing Assets/Graphics/blocks/2lowerleft.jpg using Guid(e0cc48998e77446ac887112510ef8604) Importer(815301076,1909f56bfc062723c751e8b465ee728b)  -> (artifact id: 'b710bc478f1a02139fc4f5ea8045e095') in 0.012452 seconds 
  Import took 0.017975 seconds .

========================================================================
Received Import Request.
  Time since last request: 0.000266 seconds.
  path: Assets/Graphics/blocks/3up.jpg
  artifactKey: Guid(b37fa4993e00a4524bdeeddd25103361) Importer(815301076,1909f56bfc062723c751e8b465ee728b)
Start importing Assets/Graphics/blocks/3up.jpg using Guid(b37fa4993e00a4524bdeeddd25103361) Importer(815301076,1909f56bfc062723c751e8b465ee728b)  -> (artifact id: '915dd855f4167ae4ac474ec7ed89dcd6') in 0.011751 seconds 
  Import took 0.017406 seconds .

========================================================================
Received Import Request.
  Time since last request: 0.000273 seconds.
  path: Assets/Graphics/blocks/2vertical.jpg
  artifactKey: Guid(3ec9c5fcd258d42b696651482638a020) Importer(815301076,1909f56bfc062723c751e8b465ee728b)
Start importing Assets/Graphics/blocks/2vertical.jpg using Guid(3ec9c5fcd258d42b696651482638a020) Importer(815301076,1909f56bfc062723c751e8b465ee728b)  -> (artifact id: 'c45649894ebc1f78598348d2ea6742e7') in 0.011916 seconds 
  Import took 0.017925 seconds .

========================================================================
Received Import Request.
  Time since last request: 0.000230 seconds.
  path: Assets/Graphics/blocks/3down.jpg
  artifactKey: Guid(4a6d5ba51cac14d41bb374e24442bc9e) Importer(815301076,1909f56bfc062723c751e8b465ee728b)
Start importing Assets/Graphics/blocks/3down.jpg using Guid(4a6d5ba51cac14d41bb374e24442bc9e) Importer(815301076,1909f56bfc062723c751e8b465ee728b)  -> (artifact id: '0cbbb586e1de4b2990a666abbfbe86b9') in 0.012358 seconds 
  Import took 0.018136 seconds .

========================================================================
Received Import Request.
  Time since last request: 255.655857 seconds.
  path: Assets/Tiles/RuleTile.asset
  artifactKey: Guid(2046af34f7b3f48ee93dfe07dbc958ce) Importer(815301076,1909f56bfc062723c751e8b465ee728b)
Start importing Assets/Tiles/RuleTile.asset using Guid(2046af34f7b3f48ee93dfe07dbc958ce) Importer(815301076,1909f56bfc062723c751e8b465ee728b)  -> (artifact id: '1f0714d4d5dea3605fc2e177eb77a23d') in 0.079699 seconds 
  Import took 0.087099 seconds .

========================================================================
Received Import Request.
  Time since last request: 60.760937 seconds.
  path: Assets/Tiles/RuleTile.asset
  artifactKey: Guid(2046af34f7b3f48ee93dfe07dbc958ce) Importer(815301076,1909f56bfc062723c751e8b465ee728b)
Start importing Assets/Tiles/RuleTile.asset using Guid(2046af34f7b3f48ee93dfe07dbc958ce) Importer(815301076,1909f56bfc062723c751e8b465ee728b)  -> (artifact id: '5ecfe5d4df6f79243f37247a4b30a648') in 0.031031 seconds 
  Import took 0.038881 seconds .

========================================================================
Received Import Request.
  Time since last request: 115.105176 seconds.
  path: Assets/Tiles/RuleTile.asset
  artifactKey: Guid(2046af34f7b3f48ee93dfe07dbc958ce) Importer(815301076,1909f56bfc062723c751e8b465ee728b)
Start importing Assets/Tiles/RuleTile.asset using Guid(2046af34f7b3f48ee93dfe07dbc958ce) Importer(815301076,1909f56bfc062723c751e8b465ee728b)  -> (artifact id: 'ce62a2ced1c68b8a90ddef06a6403922') in 0.036463 seconds 
  Import took 0.042898 seconds .

========================================================================
Received Import Request.
  Time since last request: 3.573518 seconds.
  path: Assets/Tiles/RuleTile.asset
  artifactKey: Guid(2046af34f7b3f48ee93dfe07dbc958ce) Importer(815301076,1909f56bfc062723c751e8b465ee728b)
Start importing Assets/Tiles/RuleTile.asset using Guid(2046af34f7b3f48ee93dfe07dbc958ce) Importer(815301076,1909f56bfc062723c751e8b465ee728b)  -> (artifact id: '1c0224095d64af0c62e97d070a4182d0') in 0.023210 seconds 
  Import took 0.029530 seconds .

========================================================================
Received Import Request.
  Time since last request: 1.333142 seconds.
  path: Assets/Tiles/TilePallete.prefab
  artifactKey: Guid(fd338ab7726614170af3b4ae62182082) Importer(815301076,1909f56bfc062723c751e8b465ee728b)
Start importing Assets/Tiles/TilePallete.prefab using Guid(fd338ab7726614170af3b4ae62182082) Importer(815301076,1909f56bfc062723c751e8b465ee728b)  -> (artifact id: '1834e21344a03b0dac33c9b95d124f82') in 0.057800 seconds 
  Import took 0.064970 seconds .

========================================================================
Received Prepare
Registering precompiled user dll's ...
Registered in 0.008220 seconds.
Begin MonoManager ReloadAssembly
Native extension for OSXStandalone target not found
Refreshing native plugins compatible for Editor in 0.66 ms, found 3 plugins.
Preloading 0 native plugins for Editor in 0.00 ms.
Mono: successfully reloaded assembly
- Completed reload, in  1.702 seconds
Domain Reload Profiling:
	ReloadAssembly (1703ms)
		BeginReloadAssembly (202ms)
			ExecutionOrderSort (0ms)
			DisableScriptedObjects (9ms)
			BackupInstance (0ms)
			ReleaseScriptingObjects (0ms)
			CreateAndSetChildDomain (119ms)
		EndReloadAssembly (1412ms)
			LoadAssemblies (107ms)
			RebuildTransferFunctionScriptingTraits (0ms)
			SetupTypeCache (525ms)
			ReleaseScriptCaches (2ms)
			RebuildScriptCaches (92ms)
			SetupLoadedEditorAssemblies (499ms)
				LogAssemblyErrors (0ms)
				InitializePlatformSupportModulesInManaged (6ms)
				SetLoadedEditorAssemblies (1ms)
				RefreshPlugins (1ms)
				BeforeProcessingInitializeOnLoad (164ms)
				ProcessInitializeOnLoadAttributes (318ms)
				ProcessInitializeOnLoadMethodAttributes (9ms)
				AfterProcessingInitializeOnLoad (2ms)
				EditorAssembliesLoaded (0ms)
			ExecutionOrderSort2 (0ms)
			AwakeInstancesAfterBackupRestoration (15ms)
Platform modules already initialized, skipping
Switching build target platform(2) subTarget(0) extendedPlatform(0) -> platform(9) subTarget(16777218) extendedPlatform(0)
Refreshing native plugins compatible for Editor in 0.66 ms, found 3 plugins.
Preloading 0 native plugins for Editor in 0.00 ms.
Unloading 2731 Unused Serialized files (Serialized files now loaded: 0)
System memory in use before: 250.5 MB.
System memory in use after: 250.8 MB.

Unloading 24 unused Assets to reduce memory usage. Loaded Objects now: 3280.
Total: 4.042283 ms (FindLiveObjects: 0.325779 ms CreateObjectMapping: 0.137000 ms MarkObjects: 3.539211 ms  DeleteObjects: 0.039413 ms)

AssetImportParameters requested are different than current active one (requested -> active):
  custom:video-decoder-ogg-theora: a1e56fd34408186e4bbccfd4996cb3dc -> 
  custom:container-muxer-webm: aa71ff27fc2769a1b78a27578f13a17b -> 
  custom:container-demuxer-webm: 4f35f7cbe854078d1ac9338744f61a02 -> 
  custom:container-demuxer-ogg: 62fdf1f143b41e24485cea50d1cbac27 -> 
  custom:video-encoder-webm-vp8: eb34c28f22e8b96e1ab97ce403110664 -> 
  custom:framework-osx-AVFoundation: b23960f63f64bdc6ff669e2cdcee2391 -> 
  custom:video-decoder-webm-vp8: 9c59270c3fd7afecdb556c50c9e8de78 -> 
  custom:graphics/normal-map-encoding: 01000000000000000000000000000000 -> 02000000000000000000000000000000
  custom:audio-decoder-ogg-vorbis: bf7c407c2cedff20999df2af8eb42d56 -> 
  custom:audio-encoder-webm-vorbis: bf7c407c2cedff20999df2af8eb42d56 -> 
========================================================================
Received Import Request.
  Time since last request: 280.981294 seconds.
  path: Assets/Scriptables/Installers/BlockInstaller.asset
  artifactKey: Guid(157c1fa513cef42dd9a88547edc1b5dc) Importer(815301076,1909f56bfc062723c751e8b465ee728b)
Start importing Assets/Scriptables/Installers/BlockInstaller.asset using Guid(157c1fa513cef42dd9a88547edc1b5dc) Importer(815301076,1909f56bfc062723c751e8b465ee728b)  -> (artifact id: '572d3b511b91ad5aef726927741466e8') in 0.030522 seconds 
  Import took 0.036685 seconds .

========================================================================
Received Import Request.
  Time since last request: 6.461027 seconds.
  path: Assets/Scriptables/Databases/BlockSpriteDatabase.asset
  artifactKey: Guid(8d6efc698b9bf44d0ba240ef71a07609) Importer(815301076,1909f56bfc062723c751e8b465ee728b)
Start importing Assets/Scriptables/Databases/BlockSpriteDatabase.asset using Guid(8d6efc698b9bf44d0ba240ef71a07609) Importer(815301076,1909f56bfc062723c751e8b465ee728b)  -> (artifact id: '8021480543d5d189c2eebea347b83d96') in 0.009060 seconds 
  Import took 0.016512 seconds .

========================================================================
Received Import Request.
  Time since last request: 8.472972 seconds.
  path: Assets/Prefabs/SimpleBlock.prefab
  artifactKey: Guid(12ffcd70daefb4d7e8fa4bfa9c764b3b) Importer(815301076,1909f56bfc062723c751e8b465ee728b)
Start importing Assets/Prefabs/SimpleBlock.prefab using Guid(12ffcd70daefb4d7e8fa4bfa9c764b3b) Importer(815301076,1909f56bfc062723c751e8b465ee728b)  -> (artifact id: '31b3a8dea35565a04521842d1e88f407') in 0.076799 seconds 
  Import took 0.082429 seconds .

========================================================================
Received Prepare
Registering precompiled user dll's ...
Registered in 0.007843 seconds.
Begin MonoManager ReloadAssembly
Native extension for OSXStandalone target not found
Refreshing native plugins compatible for Editor in 0.67 ms, found 3 plugins.
Preloading 0 native plugins for Editor in 0.00 ms.
Mono: successfully reloaded assembly
- Completed reload, in  1.667 seconds
Domain Reload Profiling:
	ReloadAssembly (1667ms)
		BeginReloadAssembly (170ms)
			ExecutionOrderSort (0ms)
			DisableScriptedObjects (8ms)
			BackupInstance (0ms)
			ReleaseScriptingObjects (0ms)
			CreateAndSetChildDomain (93ms)
		EndReloadAssembly (1411ms)
			LoadAssemblies (103ms)
			RebuildTransferFunctionScriptingTraits (0ms)
			SetupTypeCache (531ms)
			ReleaseScriptCaches (2ms)
			RebuildScriptCaches (98ms)
			SetupLoadedEditorAssemblies (483ms)
				LogAssemblyErrors (0ms)
				InitializePlatformSupportModulesInManaged (6ms)
				SetLoadedEditorAssemblies (1ms)
				RefreshPlugins (1ms)
				BeforeProcessingInitializeOnLoad (170ms)
				ProcessInitializeOnLoadAttributes (296ms)
				ProcessInitializeOnLoadMethodAttributes (9ms)
				AfterProcessingInitializeOnLoad (2ms)
				EditorAssembliesLoaded (0ms)
			ExecutionOrderSort2 (0ms)
			AwakeInstancesAfterBackupRestoration (16ms)
Platform modules already initialized, skipping
Switching build target platform(2) subTarget(0) extendedPlatform(0) -> platform(9) subTarget(16777218) extendedPlatform(0)
Refreshing native plugins compatible for Editor in 0.65 ms, found 3 plugins.
Preloading 0 native plugins for Editor in 0.00 ms.
Unloading 2731 Unused Serialized files (Serialized files now loaded: 0)
System memory in use before: 250.8 MB.
System memory in use after: 251.0 MB.

Unloading 24 unused Assets to reduce memory usage. Loaded Objects now: 3283.
Total: 4.311963 ms (FindLiveObjects: 0.386598 ms CreateObjectMapping: 0.134679 ms MarkObjects: 3.765481 ms  DeleteObjects: 0.023980 ms)

AssetImportParameters requested are different than current active one (requested -> active):
  custom:video-decoder-ogg-theora: a1e56fd34408186e4bbccfd4996cb3dc -> 
  custom:container-muxer-webm: aa71ff27fc2769a1b78a27578f13a17b -> 
  custom:container-demuxer-webm: 4f35f7cbe854078d1ac9338744f61a02 -> 
  custom:container-demuxer-ogg: 62fdf1f143b41e24485cea50d1cbac27 -> 
  custom:video-encoder-webm-vp8: eb34c28f22e8b96e1ab97ce403110664 -> 
  custom:framework-osx-AVFoundation: b23960f63f64bdc6ff669e2cdcee2391 -> 
  custom:video-decoder-webm-vp8: 9c59270c3fd7afecdb556c50c9e8de78 -> 
  custom:graphics/normal-map-encoding: 01000000000000000000000000000000 -> 02000000000000000000000000000000
  custom:audio-decoder-ogg-vorbis: bf7c407c2cedff20999df2af8eb42d56 -> 
  custom:audio-encoder-webm-vorbis: bf7c407c2cedff20999df2af8eb42d56 -> 
========================================================================
Received Import Request.
  Time since last request: 132.922760 seconds.
  path: Assets/Prefabs/SimpleBlock.prefab
  artifactKey: Guid(12ffcd70daefb4d7e8fa4bfa9c764b3b) Importer(815301076,1909f56bfc062723c751e8b465ee728b)
Start importing Assets/Prefabs/SimpleBlock.prefab using Guid(12ffcd70daefb4d7e8fa4bfa9c764b3b) Importer(815301076,1909f56bfc062723c751e8b465ee728b)  -> (artifact id: 'd4f23ad92ce3d960cd030e900fc88294') in 0.032037 seconds 
  Import took 0.037625 seconds .

========================================================================
Received Import Request.
  Time since last request: 7.200262 seconds.
  path: Assets/Prefabs/SimpleBlock.prefab
  artifactKey: Guid(12ffcd70daefb4d7e8fa4bfa9c764b3b) Importer(815301076,1909f56bfc062723c751e8b465ee728b)
Start importing Assets/Prefabs/SimpleBlock.prefab using Guid(12ffcd70daefb4d7e8fa4bfa9c764b3b) Importer(815301076,1909f56bfc062723c751e8b465ee728b)  -> (artifact id: 'd9b667a9a14c95e1e016d6ae7bb12707') in 0.051448 seconds 
  Import took 0.057571 seconds .

========================================================================
Received Prepare
Registering precompiled user dll's ...
Registered in 0.005358 seconds.
Begin MonoManager ReloadAssembly
Native extension for OSXStandalone target not found
Refreshing native plugins compatible for Editor in 0.65 ms, found 3 plugins.
Preloading 0 native plugins for Editor in 0.00 ms.
Mono: successfully reloaded assembly
- Completed reload, in  1.667 seconds
Domain Reload Profiling:
	ReloadAssembly (1668ms)
		BeginReloadAssembly (192ms)
			ExecutionOrderSort (0ms)
			DisableScriptedObjects (9ms)
			BackupInstance (0ms)
			ReleaseScriptingObjects (0ms)
			CreateAndSetChildDomain (107ms)
		EndReloadAssembly (1385ms)
			LoadAssemblies (113ms)
			RebuildTransferFunctionScriptingTraits (0ms)
			SetupTypeCache (520ms)
			ReleaseScriptCaches (2ms)
			RebuildScriptCaches (89ms)
			SetupLoadedEditorAssemblies (478ms)
				LogAssemblyErrors (0ms)
				InitializePlatformSupportModulesInManaged (6ms)
				SetLoadedEditorAssemblies (1ms)
				RefreshPlugins (1ms)
				BeforeProcessingInitializeOnLoad (158ms)
				ProcessInitializeOnLoadAttributes (300ms)
				ProcessInitializeOnLoadMethodAttributes (10ms)
				AfterProcessingInitializeOnLoad (2ms)
				EditorAssembliesLoaded (0ms)
			ExecutionOrderSort2 (0ms)
			AwakeInstancesAfterBackupRestoration (16ms)
Platform modules already initialized, skipping
Switching build target platform(2) subTarget(0) extendedPlatform(0) -> platform(9) subTarget(16777218) extendedPlatform(0)
Refreshing native plugins compatible for Editor in 0.65 ms, found 3 plugins.
Preloading 0 native plugins for Editor in 0.00 ms.
Unloading 2731 Unused Serialized files (Serialized files now loaded: 0)
System memory in use before: 251.0 MB.
System memory in use after: 251.2 MB.

Unloading 24 unused Assets to reduce memory usage. Loaded Objects now: 3286.
Total: 3.845297 ms (FindLiveObjects: 0.308259 ms CreateObjectMapping: 0.123525 ms MarkObjects: 3.390762 ms  DeleteObjects: 0.021471 ms)

AssetImportParameters requested are different than current active one (requested -> active):
  custom:video-decoder-ogg-theora: a1e56fd34408186e4bbccfd4996cb3dc -> 
  custom:container-muxer-webm: aa71ff27fc2769a1b78a27578f13a17b -> 
  custom:container-demuxer-webm: 4f35f7cbe854078d1ac9338744f61a02 -> 
  custom:container-demuxer-ogg: 62fdf1f143b41e24485cea50d1cbac27 -> 
  custom:video-encoder-webm-vp8: eb34c28f22e8b96e1ab97ce403110664 -> 
  custom:framework-osx-AVFoundation: b23960f63f64bdc6ff669e2cdcee2391 -> 
  custom:video-decoder-webm-vp8: 9c59270c3fd7afecdb556c50c9e8de78 -> 
  custom:graphics/normal-map-encoding: 01000000000000000000000000000000 -> 02000000000000000000000000000000
  custom:audio-decoder-ogg-vorbis: bf7c407c2cedff20999df2af8eb42d56 -> 
  custom:audio-encoder-webm-vorbis: bf7c407c2cedff20999df2af8eb42d56 -> 
========================================================================
Received Prepare
Registering precompiled user dll's ...
Registered in 0.003663 seconds.
Begin MonoManager ReloadAssembly
Native extension for OSXStandalone target not found
Refreshing native plugins compatible for Editor in 0.77 ms, found 3 plugins.
Preloading 0 native plugins for Editor in 0.00 ms.
Mono: successfully reloaded assembly
- Completed reload, in  1.599 seconds
Domain Reload Profiling:
	ReloadAssembly (1599ms)
		BeginReloadAssembly (191ms)
			ExecutionOrderSort (0ms)
			DisableScriptedObjects (9ms)
			BackupInstance (0ms)
			ReleaseScriptingObjects (0ms)
			CreateAndSetChildDomain (104ms)
		EndReloadAssembly (1324ms)
			LoadAssemblies (107ms)
			RebuildTransferFunctionScriptingTraits (0ms)
			SetupTypeCache (513ms)
			ReleaseScriptCaches (2ms)
			RebuildScriptCaches (88ms)
			SetupLoadedEditorAssemblies (446ms)
				LogAssemblyErrors (0ms)
				InitializePlatformSupportModulesInManaged (6ms)
				SetLoadedEditorAssemblies (1ms)
				RefreshPlugins (1ms)
				BeforeProcessingInitializeOnLoad (157ms)
				ProcessInitializeOnLoadAttributes (272ms)
				ProcessInitializeOnLoadMethodAttributes (8ms)
				AfterProcessingInitializeOnLoad (2ms)
				EditorAssembliesLoaded (0ms)
			ExecutionOrderSort2 (0ms)
			AwakeInstancesAfterBackupRestoration (15ms)
Platform modules already initialized, skipping
Switching build target platform(2) subTarget(0) extendedPlatform(0) -> platform(9) subTarget(16777218) extendedPlatform(0)
Refreshing native plugins compatible for Editor in 0.67 ms, found 3 plugins.
Preloading 0 native plugins for Editor in 0.00 ms.
Unloading 2731 Unused Serialized files (Serialized files now loaded: 0)
System memory in use before: 251.2 MB.
System memory in use after: 251.5 MB.

Unloading 24 unused Assets to reduce memory usage. Loaded Objects now: 3288.
Total: 4.700895 ms (FindLiveObjects: 0.339605 ms CreateObjectMapping: 0.141797 ms MarkObjects: 4.192898 ms  DeleteObjects: 0.025532 ms)

AssetImportParameters requested are different than current active one (requested -> active):
  custom:video-decoder-ogg-theora: a1e56fd34408186e4bbccfd4996cb3dc -> 
  custom:container-muxer-webm: aa71ff27fc2769a1b78a27578f13a17b -> 
  custom:container-demuxer-webm: 4f35f7cbe854078d1ac9338744f61a02 -> 
  custom:container-demuxer-ogg: 62fdf1f143b41e24485cea50d1cbac27 -> 
  custom:video-encoder-webm-vp8: eb34c28f22e8b96e1ab97ce403110664 -> 
  custom:framework-osx-AVFoundation: b23960f63f64bdc6ff669e2cdcee2391 -> 
  custom:video-decoder-webm-vp8: 9c59270c3fd7afecdb556c50c9e8de78 -> 
  custom:graphics/normal-map-encoding: 01000000000000000000000000000000 -> 02000000000000000000000000000000
  custom:audio-decoder-ogg-vorbis: bf7c407c2cedff20999df2af8eb42d56 -> 
  custom:audio-encoder-webm-vorbis: bf7c407c2cedff20999df2af8eb42d56 -> 
========================================================================
Received Import Request.
  Time since last request: 103.505105 seconds.
  path: Assets/Tiles/TilePallete.prefab
  artifactKey: Guid(fd338ab7726614170af3b4ae62182082) Importer(815301076,1909f56bfc062723c751e8b465ee728b)
Start importing Assets/Tiles/TilePallete.prefab using Guid(fd338ab7726614170af3b4ae62182082) Importer(815301076,1909f56bfc062723c751e8b465ee728b)  -> (artifact id: 'a0fbe1f087921184f90c59402fedd8b8') in 0.091081 seconds 
  Import took 0.096963 seconds .

========================================================================
Received Import Request.
  Time since last request: 31.572315 seconds.
  path: Assets/Tiles/RuleTile.asset
  artifactKey: Guid(2046af34f7b3f48ee93dfe07dbc958ce) Importer(815301076,1909f56bfc062723c751e8b465ee728b)
Start importing Assets/Tiles/RuleTile.asset using Guid(2046af34f7b3f48ee93dfe07dbc958ce) Importer(815301076,1909f56bfc062723c751e8b465ee728b)  -> (artifact id: 'a06c2432628b9bb768ab48d3a90f427f') in 0.033127 seconds 
  Import took 0.039687 seconds .

========================================================================
Received Prepare
Registering precompiled user dll's ...
Registered in 0.003451 seconds.
Begin MonoManager ReloadAssembly
Native extension for OSXStandalone target not found
Refreshing native plugins compatible for Editor in 0.81 ms, found 3 plugins.
Preloading 0 native plugins for Editor in 0.00 ms.
Mono: successfully reloaded assembly
- Completed reload, in  1.829 seconds
Domain Reload Profiling:
	ReloadAssembly (1830ms)
		BeginReloadAssembly (208ms)
			ExecutionOrderSort (0ms)
			DisableScriptedObjects (9ms)
			BackupInstance (0ms)
			ReleaseScriptingObjects (0ms)
			CreateAndSetChildDomain (112ms)
		EndReloadAssembly (1536ms)
			LoadAssemblies (113ms)
			RebuildTransferFunctionScriptingTraits (0ms)
			SetupTypeCache (557ms)
			ReleaseScriptCaches (2ms)
			RebuildScriptCaches (100ms)
			SetupLoadedEditorAssemblies (539ms)
				LogAssemblyErrors (0ms)
				InitializePlatformSupportModulesInManaged (7ms)
				SetLoadedEditorAssemblies (1ms)
				RefreshPlugins (1ms)
				BeforeProcessingInitializeOnLoad (174ms)
				ProcessInitializeOnLoadAttributes (335ms)
				ProcessInitializeOnLoadMethodAttributes (14ms)
				AfterProcessingInitializeOnLoad (6ms)
				EditorAssembliesLoaded (1ms)
			ExecutionOrderSort2 (0ms)
			AwakeInstancesAfterBackupRestoration (30ms)
Platform modules already initialized, skipping
Switching build target platform(2) subTarget(0) extendedPlatform(0) -> platform(9) subTarget(16777218) extendedPlatform(0)
Refreshing native plugins compatible for Editor in 0.81 ms, found 3 plugins.
Preloading 0 native plugins for Editor in 0.00 ms.
Unloading 2731 Unused Serialized files (Serialized files now loaded: 0)
System memory in use before: 251.4 MB.
System memory in use after: 251.7 MB.

Unloading 24 unused Assets to reduce memory usage. Loaded Objects now: 3292.
Total: 4.858997 ms (FindLiveObjects: 0.468329 ms CreateObjectMapping: 0.179896 ms MarkObjects: 4.183786 ms  DeleteObjects: 0.025786 ms)

AssetImportParameters requested are different than current active one (requested -> active):
  custom:video-decoder-ogg-theora: a1e56fd34408186e4bbccfd4996cb3dc -> 
  custom:container-muxer-webm: aa71ff27fc2769a1b78a27578f13a17b -> 
  custom:container-demuxer-webm: 4f35f7cbe854078d1ac9338744f61a02 -> 
  custom:container-demuxer-ogg: 62fdf1f143b41e24485cea50d1cbac27 -> 
  custom:video-encoder-webm-vp8: eb34c28f22e8b96e1ab97ce403110664 -> 
  custom:framework-osx-AVFoundation: b23960f63f64bdc6ff669e2cdcee2391 -> 
  custom:video-decoder-webm-vp8: 9c59270c3fd7afecdb556c50c9e8de78 -> 
  custom:graphics/normal-map-encoding: 01000000000000000000000000000000 -> 02000000000000000000000000000000
  custom:audio-decoder-ogg-vorbis: bf7c407c2cedff20999df2af8eb42d56 -> 
  custom:audio-encoder-webm-vorbis: bf7c407c2cedff20999df2af8eb42d56 -> 
